

Microchip MPLAB XC8 Assembler V2.31 build 20201012212115 
                                                                                               Mon Feb 08 09:25:36 2021

Microchip MPLAB XC8 C Compiler v2.31 (Free license) build 20201012212115 Og1 
     1                           	processor	16F887
     2                           	pagewidth 120
     3                           	opt	flic
     4                           	psect	cinit,global,class=CODE,merge=1,delta=2
     5                           	psect	cstackCOMMON,global,class=COMMON,space=1,delta=1,noexec
     6                           	psect	maintext,global,class=CODE,split=1,delta=2
     7                           	psect	text1,local,class=CODE,merge=1,delta=2
     8                           	psect	text2,local,class=CODE,merge=1,delta=2
     9                           	psect	text3,local,class=CODE,merge=1,delta=2
    10                           	psect	intentry,global,class=CODE,delta=2
    11                           	psect	config,global,abs,ovrld,class=CONFIG,space=4,delta=2,noexec
    12                           	dabs	1,0x7E,2
    13  0000                     
    14                           ; Version 2.20
    15                           ; Generated 12/02/2020 GMT
    16                           ; 
    17                           ; Copyright © 2020, Microchip Technology Inc. and its subsidiaries ("Microchip")
    18                           ; All rights reserved.
    19                           ; 
    20                           ; This software is developed by Microchip Technology Inc. and its subsidiaries ("Microch
      +                          ip").
    21                           ; 
    22                           ; Redistribution and use in source and binary forms, with or without modification, are
    23                           ; permitted provided that the following conditions are met:
    24                           ; 
    25                           ;     1. Redistributions of source code must retain the above copyright notice, this lis
      +                          t of
    26                           ;        conditions and the following disclaimer.
    27                           ; 
    28                           ;     2. Redistributions in binary form must reproduce the above copyright notice, this 
      +                          list
    29                           ;        of conditions and the following disclaimer in the documentation and/or other
    30                           ;        materials provided with the distribution.
    31                           ; 
    32                           ;     3. Microchip's name may not be used to endorse or promote products derived from th
      +                          is
    33                           ;        software without specific prior written permission.
    34                           ; 
    35                           ; THIS SOFTWARE IS PROVIDED BY MICROCHIP "AS IS" AND ANY EXPRESS OR IMPLIED WARRANTIES,
    36                           ; INCLUDING, BUT NOT LIMITED TO, THE IMPLIED WARRANTIES OF MERCHANTABILITY AND FITNESS F
      +                          OR
    37                           ; PURPOSE ARE DISCLAIMED.  IN NO EVENT SHALL MICROCHIP BE LIABLE FOR ANY DIRECT, INDIREC
      +                          T,
    38                           ; INCIDENTAL, SPECIAL, EXEMPLARY, OR CONSEQUENTIAL DAMAGES (INCLUDING BUT NOT LIMITED TO
    39                           ; PROCUREMENT OF SUBSTITUTE GOODS OR SERVICES; LOSS OF USE, DATA OR PROFITS; OR BUSINESS
    40                           ; INTERRUPTION) HOWSOEVER CAUSED AND ON ANY THEORY OF LIABILITY, WHETHER IN CONTRACT, ST
      +                          RICT
    41                           ; LIABILITY, OR TORT (INCLUDING NEGLIGENCE OR OTHERWISE) ARISING IN ANY WAY OUT OF THE U
      +                          SE OF
    42                           ; THIS SOFTWARE, EVEN IF ADVISED OF THE POSSIBILITY OF SUCH DAMAGE.
    43                           ; 
    44                           ; 
    45                           ; Code-generator required, PIC16F887 Definitions
    46                           ; 
    47                           ; SFR Addresses
    48  0000                     	;# 
    49  0001                     	;# 
    50  0002                     	;# 
    51  0003                     	;# 
    52  0004                     	;# 
    53  0005                     	;# 
    54  0006                     	;# 
    55  0007                     	;# 
    56  0008                     	;# 
    57  0009                     	;# 
    58  000A                     	;# 
    59  000B                     	;# 
    60  000C                     	;# 
    61  000D                     	;# 
    62  000E                     	;# 
    63  000E                     	;# 
    64  000F                     	;# 
    65  0010                     	;# 
    66  0011                     	;# 
    67  0012                     	;# 
    68  0013                     	;# 
    69  0014                     	;# 
    70  0015                     	;# 
    71  0015                     	;# 
    72  0016                     	;# 
    73  0017                     	;# 
    74  0018                     	;# 
    75  0019                     	;# 
    76  001A                     	;# 
    77  001B                     	;# 
    78  001B                     	;# 
    79  001C                     	;# 
    80  001D                     	;# 
    81  001E                     	;# 
    82  001F                     	;# 
    83  0081                     	;# 
    84  0085                     	;# 
    85  0086                     	;# 
    86  0087                     	;# 
    87  0088                     	;# 
    88  0089                     	;# 
    89  008C                     	;# 
    90  008D                     	;# 
    91  008E                     	;# 
    92  008F                     	;# 
    93  0090                     	;# 
    94  0091                     	;# 
    95  0092                     	;# 
    96  0093                     	;# 
    97  0093                     	;# 
    98  0093                     	;# 
    99  0094                     	;# 
   100  0095                     	;# 
   101  0096                     	;# 
   102  0097                     	;# 
   103  0098                     	;# 
   104  0099                     	;# 
   105  009A                     	;# 
   106  009B                     	;# 
   107  009C                     	;# 
   108  009D                     	;# 
   109  009E                     	;# 
   110  009F                     	;# 
   111  0105                     	;# 
   112  0107                     	;# 
   113  0108                     	;# 
   114  0109                     	;# 
   115  010C                     	;# 
   116  010C                     	;# 
   117  010D                     	;# 
   118  010E                     	;# 
   119  010F                     	;# 
   120  0185                     	;# 
   121  0187                     	;# 
   122  0188                     	;# 
   123  0189                     	;# 
   124  018C                     	;# 
   125  018D                     	;# 
   126  0000                     	;# 
   127  0001                     	;# 
   128  0002                     	;# 
   129  0003                     	;# 
   130  0004                     	;# 
   131  0005                     	;# 
   132  0006                     	;# 
   133  0007                     	;# 
   134  0008                     	;# 
   135  0009                     	;# 
   136  000A                     	;# 
   137  000B                     	;# 
   138  000C                     	;# 
   139  000D                     	;# 
   140  000E                     	;# 
   141  000E                     	;# 
   142  000F                     	;# 
   143  0010                     	;# 
   144  0011                     	;# 
   145  0012                     	;# 
   146  0013                     	;# 
   147  0014                     	;# 
   148  0015                     	;# 
   149  0015                     	;# 
   150  0016                     	;# 
   151  0017                     	;# 
   152  0018                     	;# 
   153  0019                     	;# 
   154  001A                     	;# 
   155  001B                     	;# 
   156  001B                     	;# 
   157  001C                     	;# 
   158  001D                     	;# 
   159  001E                     	;# 
   160  001F                     	;# 
   161  0081                     	;# 
   162  0085                     	;# 
   163  0086                     	;# 
   164  0087                     	;# 
   165  0088                     	;# 
   166  0089                     	;# 
   167  008C                     	;# 
   168  008D                     	;# 
   169  008E                     	;# 
   170  008F                     	;# 
   171  0090                     	;# 
   172  0091                     	;# 
   173  0092                     	;# 
   174  0093                     	;# 
   175  0093                     	;# 
   176  0093                     	;# 
   177  0094                     	;# 
   178  0095                     	;# 
   179  0096                     	;# 
   180  0097                     	;# 
   181  0098                     	;# 
   182  0099                     	;# 
   183  009A                     	;# 
   184  009B                     	;# 
   185  009C                     	;# 
   186  009D                     	;# 
   187  009E                     	;# 
   188  009F                     	;# 
   189  0105                     	;# 
   190  0107                     	;# 
   191  0108                     	;# 
   192  0109                     	;# 
   193  010C                     	;# 
   194  010C                     	;# 
   195  010D                     	;# 
   196  010E                     	;# 
   197  010F                     	;# 
   198  0185                     	;# 
   199  0187                     	;# 
   200  0188                     	;# 
   201  0189                     	;# 
   202  018C                     	;# 
   203  018D                     	;# 
   204  0000                     	;# 
   205  0001                     	;# 
   206  0002                     	;# 
   207  0003                     	;# 
   208  0004                     	;# 
   209  0005                     	;# 
   210  0006                     	;# 
   211  0007                     	;# 
   212  0008                     	;# 
   213  0009                     	;# 
   214  000A                     	;# 
   215  000B                     	;# 
   216  000C                     	;# 
   217  000D                     	;# 
   218  000E                     	;# 
   219  000E                     	;# 
   220  000F                     	;# 
   221  0010                     	;# 
   222  0011                     	;# 
   223  0012                     	;# 
   224  0013                     	;# 
   225  0014                     	;# 
   226  0015                     	;# 
   227  0015                     	;# 
   228  0016                     	;# 
   229  0017                     	;# 
   230  0018                     	;# 
   231  0019                     	;# 
   232  001A                     	;# 
   233  001B                     	;# 
   234  001B                     	;# 
   235  001C                     	;# 
   236  001D                     	;# 
   237  001E                     	;# 
   238  001F                     	;# 
   239  0081                     	;# 
   240  0085                     	;# 
   241  0086                     	;# 
   242  0087                     	;# 
   243  0088                     	;# 
   244  0089                     	;# 
   245  008C                     	;# 
   246  008D                     	;# 
   247  008E                     	;# 
   248  008F                     	;# 
   249  0090                     	;# 
   250  0091                     	;# 
   251  0092                     	;# 
   252  0093                     	;# 
   253  0093                     	;# 
   254  0093                     	;# 
   255  0094                     	;# 
   256  0095                     	;# 
   257  0096                     	;# 
   258  0097                     	;# 
   259  0098                     	;# 
   260  0099                     	;# 
   261  009A                     	;# 
   262  009B                     	;# 
   263  009C                     	;# 
   264  009D                     	;# 
   265  009E                     	;# 
   266  009F                     	;# 
   267  0105                     	;# 
   268  0107                     	;# 
   269  0108                     	;# 
   270  0109                     	;# 
   271  010C                     	;# 
   272  010C                     	;# 
   273  010D                     	;# 
   274  010E                     	;# 
   275  010F                     	;# 
   276  0185                     	;# 
   277  0187                     	;# 
   278  0188                     	;# 
   279  0189                     	;# 
   280  018C                     	;# 
   281  018D                     	;# 
   282  0006                     _PORTBbits	set	6
   283  000B                     _INTCON	set	11
   284  0001                     _TMR0	set	1
   285  0009                     _PORTE	set	9
   286  0008                     _PORTD	set	8
   287  0007                     _PORTC	set	7
   288  0006                     _PORTB	set	6
   289  0005                     _PORTA	set	5
   290  000C                     _PIR1bits	set	12
   291  000B                     _INTCONbits	set	11
   292  0081                     _OPTION_REG	set	129
   293  0089                     _TRISE	set	137
   294  0088                     _TRISD	set	136
   295  0087                     _TRISC	set	135
   296  0086                     _TRISB	set	134
   297  0085                     _TRISA	set	133
   298  0096                     _IOCBbits	set	150
   299  008C                     _PIE1bits	set	140
   300  008F                     _OSCCONbits	set	143
   301  0189                     _ANSELH	set	393
   302  0188                     _ANSEL	set	392
   303                           
   304                           	psect	cinit
   305  000F                     start_initialization:	
   306                           ; #config settings
   307                           
   308  000F                     __initialization:
   309  000F                     end_of_initialization:	
   310                           ;End of C runtime variable initialization code
   311                           
   312  000F                     __end_of__initialization:
   313  000F  0183               	clrf	3
   314  0010  120A  118A  28CD   	ljmp	_main	;jump to C main() function
   315                           
   316                           	psect	cstackCOMMON
   317  0070                     __pcstackCOMMON:
   318  0070                     ?_setup:
   319  0070                     ?_initosc:	
   320                           ; 1 bytes @ 0x0
   321                           
   322  0070                     ?_main:	
   323                           ; 1 bytes @ 0x0
   324                           
   325  0070                     ?_isr:	
   326                           ; 1 bytes @ 0x0
   327                           
   328  0070                     ??_isr:	
   329                           ; 1 bytes @ 0x0
   330                           
   331                           
   332                           ; 1 bytes @ 0x0
   333  0070                     	ds	2
   334  0072                     ??_initosc:
   335                           
   336                           ; 1 bytes @ 0x2
   337  0072                     	ds	2
   338  0074                     initosc@IRCF:
   339                           
   340                           ; 1 bytes @ 0x4
   341  0074                     	ds	1
   342  0075                     ??_setup:
   343  0075                     ??_main:	
   344                           ; 1 bytes @ 0x5
   345                           
   346                           
   347                           	psect	maintext
   348  00CD                     __pmaintext:	
   349                           ; 1 bytes @ 0x5
   350 ;;
   351 ;;Main: autosize = 0, tempsize = 0, incstack = 0, save=0
   352 ;;
   353 ;; *************** function _main *****************
   354 ;; Defined at:
   355 ;;		line 40 in file "main.c"
   356 ;; Parameters:    Size  Location     Type
   357 ;;		None
   358 ;; Auto vars:     Size  Location     Type
   359 ;;		None
   360 ;; Return value:  Size  Location     Type
   361 ;;                  1    wreg      void 
   362 ;; Registers used:
   363 ;;		wreg, fsr0l, fsr0h, status,2, status,0, pclath, cstack
   364 ;; Tracked objects:
   365 ;;		On entry : B00/0
   366 ;;		On exit  : 0/0
   367 ;;		Unchanged: 0/0
   368 ;; Data sizes:     COMMON   BANK0   BANK1   BANK3   BANK2
   369 ;;      Params:         0       0       0       0       0
   370 ;;      Locals:         0       0       0       0       0
   371 ;;      Temps:          0       0       0       0       0
   372 ;;      Totals:         0       0       0       0       0
   373 ;;Total ram usage:        0 bytes
   374 ;; Hardware stack levels required when called:    3
   375 ;; This function calls:
   376 ;;		_setup
   377 ;; This function is called by:
   378 ;;		Startup code after reset
   379 ;; This function uses a non-reentrant model
   380 ;;
   381                           
   382                           
   383                           ;psect for function _main
   384  00CD                     _main:
   385  00CD                     l743:	
   386                           ;incstack = 0
   387                           ; Regs used in _main: [wreg-fsr0h+status,2+status,0+pclath+cstack]
   388                           
   389                           
   390                           ;main.c: 41:     setup();
   391  00CD  120A  118A  206F  120A  118A  	fcall	_setup
   392  00D2                     l51:	
   393                           ;main.c: 43:     while(1){
   394                           
   395  00D2                     l52:	
   396                           ;main.c: 49:     }
   397                           
   398  00D2  28D2               	goto	l51
   399  00D3  120A  118A  280C   	ljmp	start
   400  00D6                     __end_of_main:
   401                           
   402                           	psect	text1
   403  006F                     __ptext1:	
   404 ;; *************** function _setup *****************
   405 ;; Defined at:
   406 ;;		line 56 in file "main.c"
   407 ;; Parameters:    Size  Location     Type
   408 ;;		None
   409 ;; Auto vars:     Size  Location     Type
   410 ;;		None
   411 ;; Return value:  Size  Location     Type
   412 ;;                  1    wreg      void 
   413 ;; Registers used:
   414 ;;		wreg, fsr0l, fsr0h, status,2, status,0, pclath, cstack
   415 ;; Tracked objects:
   416 ;;		On entry : 0/0
   417 ;;		On exit  : 0/0
   418 ;;		Unchanged: 0/0
   419 ;; Data sizes:     COMMON   BANK0   BANK1   BANK3   BANK2
   420 ;;      Params:         0       0       0       0       0
   421 ;;      Locals:         0       0       0       0       0
   422 ;;      Temps:          0       0       0       0       0
   423 ;;      Totals:         0       0       0       0       0
   424 ;;Total ram usage:        0 bytes
   425 ;; Hardware stack levels used:    1
   426 ;; Hardware stack levels required when called:    2
   427 ;; This function calls:
   428 ;;		_initosc
   429 ;; This function is called by:
   430 ;;		_main
   431 ;; This function uses a non-reentrant model
   432 ;;
   433                           
   434                           
   435                           ;psect for function _setup
   436  006F                     _setup:
   437  006F                     l687:	
   438                           ;incstack = 0
   439                           ; Regs used in _setup: [wreg-fsr0h+status,2+status,0+pclath+cstack]
   440                           
   441                           
   442                           ;main.c: 58:     initosc(7);
   443  006F  3007               	movlw	7
   444  0070  120A  118A  2013  120A  118A  	fcall	_initosc
   445  0075                     l689:
   446                           
   447                           ;main.c: 59:     OSCCONbits.OSTS = 0;
   448  0075  1683               	bsf	3,5	;RP0=1, select bank1
   449  0076  1303               	bcf	3,6	;RP1=0, select bank1
   450  0077  118F               	bcf	15,3	;volatile
   451  0078                     l691:
   452                           
   453                           ;main.c: 60:     OSCCONbits.HTS = 0;
   454  0078  110F               	bcf	15,2	;volatile
   455  0079                     l693:
   456                           
   457                           ;main.c: 61:     OSCCONbits.LTS = 0;
   458  0079  108F               	bcf	15,1	;volatile
   459  007A                     l695:
   460                           
   461                           ;main.c: 62:     INTCONbits.GIE = 1;
   462  007A  178B               	bsf	11,7	;volatile
   463  007B                     l697:
   464                           
   465                           ;main.c: 63:     INTCONbits.PEIE = 1;
   466  007B  170B               	bsf	11,6	;volatile
   467  007C                     l699:
   468                           
   469                           ;main.c: 64:     INTCONbits.RBIE = 1;
   470  007C  158B               	bsf	11,3	;volatile
   471  007D                     l701:
   472                           
   473                           ;main.c: 65:     INTCONbits.T0IE = 1;
   474  007D  168B               	bsf	11,5	;volatile
   475  007E                     l703:
   476                           
   477                           ;main.c: 66:     INTCONbits.INTE = 1;
   478  007E  160B               	bsf	11,4	;volatile
   479  007F                     l705:
   480                           
   481                           ;main.c: 67:     PIE1bits.ADIE = 1;
   482  007F  170C               	bsf	12,6	;volatile
   483  0080                     l707:
   484                           
   485                           ;main.c: 68:     INTCONbits.T0IF = 0;
   486  0080  110B               	bcf	11,2	;volatile
   487  0081                     l709:
   488                           
   489                           ;main.c: 69:     INTCONbits.RBIF = 0;
   490  0081  100B               	bcf	11,0	;volatile
   491  0082                     l711:
   492                           
   493                           ;main.c: 70:     PIR1bits.ADIF = 0;
   494  0082  1283               	bcf	3,5	;RP0=0, select bank0
   495  0083  1303               	bcf	3,6	;RP1=0, select bank0
   496  0084  130C               	bcf	12,6	;volatile
   497  0085                     l713:
   498                           
   499                           ;main.c: 71:     IOCBbits.IOCB0 = 1;
   500  0085  1683               	bsf	3,5	;RP0=1, select bank1
   501  0086  1303               	bcf	3,6	;RP1=0, select bank1
   502  0087  1416               	bsf	22,0	;volatile
   503  0088                     l715:
   504                           
   505                           ;main.c: 72:     IOCBbits.IOCB1 = 1;
   506  0088  1496               	bsf	22,1	;volatile
   507  0089                     l717:
   508                           
   509                           ;main.c: 73:     IOCBbits.IOCB2 = 1;
   510  0089  1516               	bsf	22,2	;volatile
   511  008A                     l719:
   512                           
   513                           ;main.c: 74:     ANSEL = 0;
   514  008A  1683               	bsf	3,5	;RP0=1, select bank3
   515  008B  1703               	bsf	3,6	;RP1=1, select bank3
   516  008C  0188               	clrf	8	;volatile
   517  008D                     l721:
   518                           
   519                           ;main.c: 75:     ANSELH = 0b00000001;
   520  008D  3001               	movlw	1
   521  008E  0089               	movwf	9	;volatile
   522  008F                     l723:
   523                           
   524                           ;main.c: 76:     TRISA = 0;
   525  008F  1683               	bsf	3,5	;RP0=1, select bank1
   526  0090  1303               	bcf	3,6	;RP1=0, select bank1
   527  0091  0185               	clrf	5	;volatile
   528  0092                     l725:
   529                           
   530                           ;main.c: 77:     PORTA = 0;
   531  0092  1283               	bcf	3,5	;RP0=0, select bank0
   532  0093  1303               	bcf	3,6	;RP1=0, select bank0
   533  0094  0185               	clrf	5	;volatile
   534  0095                     l727:
   535                           
   536                           ;main.c: 78:     TRISB = 0b00000111;
   537  0095  3007               	movlw	7
   538  0096  1683               	bsf	3,5	;RP0=1, select bank1
   539  0097  1303               	bcf	3,6	;RP1=0, select bank1
   540  0098  0086               	movwf	6	;volatile
   541  0099                     l729:
   542                           
   543                           ;main.c: 79:     PORTB = 0;
   544  0099  1283               	bcf	3,5	;RP0=0, select bank0
   545  009A  1303               	bcf	3,6	;RP1=0, select bank0
   546  009B  0186               	clrf	6	;volatile
   547  009C                     l731:
   548                           
   549                           ;main.c: 80:     TRISC = 0;
   550  009C  1683               	bsf	3,5	;RP0=1, select bank1
   551  009D  1303               	bcf	3,6	;RP1=0, select bank1
   552  009E  0187               	clrf	7	;volatile
   553  009F                     l733:
   554                           
   555                           ;main.c: 81:     PORTC = 0;
   556  009F  1283               	bcf	3,5	;RP0=0, select bank0
   557  00A0  1303               	bcf	3,6	;RP1=0, select bank0
   558  00A1  0187               	clrf	7	;volatile
   559  00A2                     l735:
   560                           
   561                           ;main.c: 82:     TRISD = 0;
   562  00A2  1683               	bsf	3,5	;RP0=1, select bank1
   563  00A3  1303               	bcf	3,6	;RP1=0, select bank1
   564  00A4  0188               	clrf	8	;volatile
   565  00A5                     l737:
   566                           
   567                           ;main.c: 83:     PORTD = 0;
   568  00A5  1283               	bcf	3,5	;RP0=0, select bank0
   569  00A6  1303               	bcf	3,6	;RP1=0, select bank0
   570  00A7  0188               	clrf	8	;volatile
   571  00A8                     l739:
   572                           
   573                           ;main.c: 84:     TRISE = 0;
   574  00A8  1683               	bsf	3,5	;RP0=1, select bank1
   575  00A9  1303               	bcf	3,6	;RP1=0, select bank1
   576  00AA  0189               	clrf	9	;volatile
   577  00AB                     l741:
   578                           
   579                           ;main.c: 85:     PORTE = 0;
   580  00AB  1283               	bcf	3,5	;RP0=0, select bank0
   581  00AC  1303               	bcf	3,6	;RP1=0, select bank0
   582  00AD  0189               	clrf	9	;volatile
   583  00AE                     l57:
   584  00AE  0008               	return
   585  00AF                     __end_of_setup:
   586                           
   587                           	psect	text2
   588  0013                     __ptext2:	
   589 ;; *************** function _initosc *****************
   590 ;; Defined at:
   591 ;;		line 3 in file "oscilador.c"
   592 ;; Parameters:    Size  Location     Type
   593 ;;  IRCF            1    wreg     unsigned char 
   594 ;; Auto vars:     Size  Location     Type
   595 ;;  IRCF            1    4[COMMON] unsigned char 
   596 ;; Return value:  Size  Location     Type
   597 ;;                  1    wreg      void 
   598 ;; Registers used:
   599 ;;		wreg, fsr0l, fsr0h, status,2, status,0
   600 ;; Tracked objects:
   601 ;;		On entry : 0/0
   602 ;;		On exit  : 0/0
   603 ;;		Unchanged: 0/0
   604 ;; Data sizes:     COMMON   BANK0   BANK1   BANK3   BANK2
   605 ;;      Params:         0       0       0       0       0
   606 ;;      Locals:         1       0       0       0       0
   607 ;;      Temps:          2       0       0       0       0
   608 ;;      Totals:         3       0       0       0       0
   609 ;;Total ram usage:        3 bytes
   610 ;; Hardware stack levels used:    1
   611 ;; Hardware stack levels required when called:    1
   612 ;; This function calls:
   613 ;;		Nothing
   614 ;; This function is called by:
   615 ;;		_setup
   616 ;; This function uses a non-reentrant model
   617 ;;
   618                           
   619                           
   620                           ;psect for function _initosc
   621  0013                     _initosc:
   622                           
   623                           ;incstack = 0
   624                           ; Regs used in _initosc: [wreg-fsr0h+status,2+status,0]
   625                           ;initosc@IRCF stored from wreg
   626  0013  00F4               	movwf	initosc@IRCF
   627  0014                     l677:
   628                           
   629                           ;oscilador.c: 5:     switch(IRCF){
   630  0014  284B               	goto	l681
   631  0015                     l75:	
   632                           ;oscilador.c: 6:         case 0:
   633                           
   634                           
   635                           ;oscilador.c: 7:             OSCCONbits.IRCF2 = 0;
   636  0015  1683               	bsf	3,5	;RP0=1, select bank1
   637  0016  1303               	bcf	3,6	;RP1=0, select bank1
   638  0017  130F               	bcf	15,6	;volatile
   639                           
   640                           ;oscilador.c: 8:             OSCCONbits.IRCF1 = 0;
   641  0018  128F               	bcf	15,5	;volatile
   642                           
   643                           ;oscilador.c: 9:             OSCCONbits.IRCF0 = 0;
   644  0019  120F               	bcf	15,4	;volatile
   645                           
   646                           ;oscilador.c: 10:             break;
   647  001A  286D               	goto	l76
   648  001B                     l77:	
   649                           ;oscilador.c: 12:         case 1:
   650                           
   651                           
   652                           ;oscilador.c: 13:             OSCCONbits.IRCF2 = 0;
   653  001B  1683               	bsf	3,5	;RP0=1, select bank1
   654  001C  1303               	bcf	3,6	;RP1=0, select bank1
   655  001D  130F               	bcf	15,6	;volatile
   656                           
   657                           ;oscilador.c: 14:             OSCCONbits.IRCF1 = 0;
   658  001E  128F               	bcf	15,5	;volatile
   659                           
   660                           ;oscilador.c: 15:             OSCCONbits.IRCF0 = 1;
   661  001F  160F               	bsf	15,4	;volatile
   662                           
   663                           ;oscilador.c: 16:             break;
   664  0020  286D               	goto	l76
   665  0021                     l78:	
   666                           ;oscilador.c: 17:         case 2:
   667                           
   668                           
   669                           ;oscilador.c: 18:             OSCCONbits.IRCF2 = 0;
   670  0021  1683               	bsf	3,5	;RP0=1, select bank1
   671  0022  1303               	bcf	3,6	;RP1=0, select bank1
   672  0023  130F               	bcf	15,6	;volatile
   673                           
   674                           ;oscilador.c: 19:             OSCCONbits.IRCF1 = 1;
   675  0024  168F               	bsf	15,5	;volatile
   676                           
   677                           ;oscilador.c: 20:             OSCCONbits.IRCF0 = 0;
   678  0025  120F               	bcf	15,4	;volatile
   679                           
   680                           ;oscilador.c: 21:             break;
   681  0026  286D               	goto	l76
   682  0027                     l79:	
   683                           ;oscilador.c: 22:         case 3:
   684                           
   685                           
   686                           ;oscilador.c: 23:             OSCCONbits.IRCF2 = 0;
   687  0027  1683               	bsf	3,5	;RP0=1, select bank1
   688  0028  1303               	bcf	3,6	;RP1=0, select bank1
   689  0029  130F               	bcf	15,6	;volatile
   690                           
   691                           ;oscilador.c: 24:             OSCCONbits.IRCF1 = 1;
   692  002A  168F               	bsf	15,5	;volatile
   693                           
   694                           ;oscilador.c: 25:             OSCCONbits.IRCF0 = 1;
   695  002B  160F               	bsf	15,4	;volatile
   696                           
   697                           ;oscilador.c: 26:             break;
   698  002C  286D               	goto	l76
   699  002D                     l80:	
   700                           ;oscilador.c: 27:         case 4:
   701                           
   702                           
   703                           ;oscilador.c: 28:             OSCCONbits.IRCF2 = 1;
   704  002D  1683               	bsf	3,5	;RP0=1, select bank1
   705  002E  1303               	bcf	3,6	;RP1=0, select bank1
   706  002F  170F               	bsf	15,6	;volatile
   707                           
   708                           ;oscilador.c: 29:             OSCCONbits.IRCF1 = 0;
   709  0030  128F               	bcf	15,5	;volatile
   710                           
   711                           ;oscilador.c: 30:             OSCCONbits.IRCF0 = 0;
   712  0031  120F               	bcf	15,4	;volatile
   713                           
   714                           ;oscilador.c: 31:             break;
   715  0032  286D               	goto	l76
   716  0033                     l81:	
   717                           ;oscilador.c: 32:         case 5:
   718                           
   719                           
   720                           ;oscilador.c: 33:             OSCCONbits.IRCF2 = 1;
   721  0033  1683               	bsf	3,5	;RP0=1, select bank1
   722  0034  1303               	bcf	3,6	;RP1=0, select bank1
   723  0035  170F               	bsf	15,6	;volatile
   724                           
   725                           ;oscilador.c: 34:             OSCCONbits.IRCF1 = 0;
   726  0036  128F               	bcf	15,5	;volatile
   727                           
   728                           ;oscilador.c: 35:             OSCCONbits.IRCF0 = 1;
   729  0037  160F               	bsf	15,4	;volatile
   730                           
   731                           ;oscilador.c: 36:             break;
   732  0038  286D               	goto	l76
   733  0039                     l82:	
   734                           ;oscilador.c: 37:         case 6:
   735                           
   736                           
   737                           ;oscilador.c: 38:             OSCCONbits.IRCF2 = 1;
   738  0039  1683               	bsf	3,5	;RP0=1, select bank1
   739  003A  1303               	bcf	3,6	;RP1=0, select bank1
   740  003B  170F               	bsf	15,6	;volatile
   741                           
   742                           ;oscilador.c: 39:             OSCCONbits.IRCF1 = 1;
   743  003C  168F               	bsf	15,5	;volatile
   744                           
   745                           ;oscilador.c: 40:             OSCCONbits.IRCF0 = 0;
   746  003D  120F               	bcf	15,4	;volatile
   747                           
   748                           ;oscilador.c: 41:             break;
   749  003E  286D               	goto	l76
   750  003F                     l83:	
   751                           ;oscilador.c: 42:         case 7:
   752                           
   753                           
   754                           ;oscilador.c: 43:             OSCCONbits.IRCF2 = 1;
   755  003F  1683               	bsf	3,5	;RP0=1, select bank1
   756  0040  1303               	bcf	3,6	;RP1=0, select bank1
   757  0041  170F               	bsf	15,6	;volatile
   758                           
   759                           ;oscilador.c: 44:             OSCCONbits.IRCF1 = 1;
   760  0042  168F               	bsf	15,5	;volatile
   761                           
   762                           ;oscilador.c: 45:             OSCCONbits.IRCF0 = 1;
   763  0043  160F               	bsf	15,4	;volatile
   764                           
   765                           ;oscilador.c: 46:             break;
   766  0044  286D               	goto	l76
   767  0045                     l84:	
   768                           ;oscilador.c: 47:         default:
   769                           
   770                           
   771                           ;oscilador.c: 48:             OSCCONbits.IRCF2 = 1;
   772  0045  1683               	bsf	3,5	;RP0=1, select bank1
   773  0046  1303               	bcf	3,6	;RP1=0, select bank1
   774  0047  170F               	bsf	15,6	;volatile
   775                           
   776                           ;oscilador.c: 49:             OSCCONbits.IRCF1 = 1;
   777  0048  168F               	bsf	15,5	;volatile
   778                           
   779                           ;oscilador.c: 50:             OSCCONbits.IRCF0 = 0;
   780  0049  120F               	bcf	15,4	;volatile
   781                           
   782                           ;oscilador.c: 51:             break;
   783  004A  286D               	goto	l76
   784  004B                     l681:
   785  004B  0874               	movf	initosc@IRCF,w
   786  004C  00F2               	movwf	??_initosc
   787  004D  01F3               	clrf	??_initosc+1
   788                           
   789                           ; Switch on 2 bytes has been partitioned into a top level switch of size 1, and 1 sub-sw
      +                          itches
   790                           ; Switch size 1, requested type "simple"
   791                           ; Number of cases is 1, Range of values is 0 to 0
   792                           ; switch strategies available:
   793                           ; Name         Instructions Cycles
   794                           ; simple_byte            4     3 (average)
   795                           ; direct_byte           11     8 (fixed)
   796                           ; jumptable            260     6 (fixed)
   797                           ;	Chosen strategy is simple_byte
   798  004E  0873               	movf	??_initosc+1,w
   799  004F  3A00               	xorlw	0	; case 0
   800  0050  1903               	skipnz
   801  0051  2853               	goto	l779
   802  0052  2845               	goto	l84
   803  0053                     l779:
   804                           
   805                           ; Switch size 1, requested type "simple"
   806                           ; Number of cases is 8, Range of values is 0 to 7
   807                           ; switch strategies available:
   808                           ; Name         Instructions Cycles
   809                           ; simple_byte           25    13 (average)
   810                           ; direct_byte           32     8 (fixed)
   811                           ; jumptable            260     6 (fixed)
   812                           ;	Chosen strategy is simple_byte
   813  0053  0872               	movf	??_initosc,w
   814  0054  3A00               	xorlw	0	; case 0
   815  0055  1903               	skipnz
   816  0056  2815               	goto	l75
   817  0057  3A01               	xorlw	1	; case 1
   818  0058  1903               	skipnz
   819  0059  281B               	goto	l77
   820  005A  3A03               	xorlw	3	; case 2
   821  005B  1903               	skipnz
   822  005C  2821               	goto	l78
   823  005D  3A01               	xorlw	1	; case 3
   824  005E  1903               	skipnz
   825  005F  2827               	goto	l79
   826  0060  3A07               	xorlw	7	; case 4
   827  0061  1903               	skipnz
   828  0062  282D               	goto	l80
   829  0063  3A01               	xorlw	1	; case 5
   830  0064  1903               	skipnz
   831  0065  2833               	goto	l81
   832  0066  3A03               	xorlw	3	; case 6
   833  0067  1903               	skipnz
   834  0068  2839               	goto	l82
   835  0069  3A01               	xorlw	1	; case 7
   836  006A  1903               	skipnz
   837  006B  283F               	goto	l83
   838  006C  2845               	goto	l84
   839  006D                     l76:
   840                           
   841                           ;oscilador.c: 53:     OSCCONbits.SCS = 1;
   842  006D  140F               	bsf	15,0	;volatile
   843  006E                     l85:
   844  006E  0008               	return
   845  006F                     __end_of_initosc:
   846                           
   847                           	psect	text3
   848  00AF                     __ptext3:	
   849 ;; *************** function _isr *****************
   850 ;; Defined at:
   851 ;;		line 98 in file "main.c"
   852 ;; Parameters:    Size  Location     Type
   853 ;;		None
   854 ;; Auto vars:     Size  Location     Type
   855 ;;		None
   856 ;; Return value:  Size  Location     Type
   857 ;;                  1    wreg      void 
   858 ;; Registers used:
   859 ;;		wreg, status,2, status,0
   860 ;; Tracked objects:
   861 ;;		On entry : 0/0
   862 ;;		On exit  : 0/0
   863 ;;		Unchanged: 0/0
   864 ;; Data sizes:     COMMON   BANK0   BANK1   BANK3   BANK2
   865 ;;      Params:         0       0       0       0       0
   866 ;;      Locals:         0       0       0       0       0
   867 ;;      Temps:          2       0       0       0       0
   868 ;;      Totals:         2       0       0       0       0
   869 ;;Total ram usage:        2 bytes
   870 ;; Hardware stack levels used:    1
   871 ;; This function calls:
   872 ;;		Nothing
   873 ;; This function is called by:
   874 ;;		Interrupt level 1
   875 ;; This function uses a non-reentrant model
   876 ;;
   877                           
   878                           
   879                           ;psect for function _isr
   880  00AF                     _isr:
   881  00AF                     i1l747:
   882                           
   883                           ;main.c: 99:     if (INTCONbits.RBIF == 1) {
   884  00AF  1C0B               	btfss	11,0	;volatile
   885  00B0  28B2               	goto	u1_21
   886  00B1  28B3               	goto	u1_20
   887  00B2                     u1_21:
   888  00B2  28C6               	goto	i1l69
   889  00B3                     u1_20:
   890  00B3                     i1l749:
   891                           
   892                           ;main.c: 100:         if (PORTBbits.RB0 == 0) {
   893  00B3  1283               	bcf	3,5	;RP0=0, select bank0
   894  00B4  1303               	bcf	3,6	;RP1=0, select bank0
   895  00B5  1806               	btfsc	6,0	;volatile
   896  00B6  28B8               	goto	u2_21
   897  00B7  28B9               	goto	u2_20
   898  00B8                     u2_21:
   899  00B8  28BE               	goto	i1l66
   900  00B9                     u2_20:
   901  00B9                     i1l751:
   902                           
   903                           ;main.c: 101:             PORTC = PORTC - 1;
   904  00B9  0807               	movf	7,w	;volatile
   905  00BA  3EFF               	addlw	255
   906  00BB  0087               	movwf	7	;volatile
   907  00BC                     i1l753:
   908                           
   909                           ;main.c: 102:             INTCONbits.RBIF = 0;
   910  00BC  100B               	bcf	11,0	;volatile
   911                           
   912                           ;main.c: 103:         }
   913  00BD  28C6               	goto	i1l69
   914  00BE                     i1l66:	
   915                           ;main.c: 104:         else if (PORTBbits.RB1 == 0) {
   916                           
   917  00BE  1886               	btfsc	6,1	;volatile
   918  00BF  28C1               	goto	u3_21
   919  00C0  28C2               	goto	u3_20
   920  00C1                     u3_21:
   921  00C1  28C6               	goto	i1l69
   922  00C2                     u3_20:
   923  00C2                     i1l755:
   924                           
   925                           ;main.c: 105:             PORTC = PORTC + 1;
   926  00C2  0807               	movf	7,w	;volatile
   927  00C3  3E01               	addlw	1
   928  00C4  0087               	movwf	7	;volatile
   929  00C5                     i1l757:
   930                           
   931                           ;main.c: 106:             INTCONbits.RBIF = 0;
   932  00C5  100B               	bcf	11,0	;volatile
   933  00C6                     i1l69:
   934  00C6  0871               	movf	??_isr+1,w
   935  00C7  008A               	movwf	10
   936  00C8  0E70               	swapf	??_isr,w
   937  00C9  0083               	movwf	3
   938  00CA  0EFE               	swapf	btemp,f
   939  00CB  0E7E               	swapf	btemp,w
   940  00CC  0009               	retfie
   941  00CD                     __end_of_isr:
   942  007E                     btemp	set	126	;btemp
   943  007E                     wtemp0	set	126
   944                           
   945                           	psect	intentry
   946  0004                     __pintentry:	
   947                           ;incstack = 0
   948                           ; Regs used in _isr: [wreg+status,2+status,0]
   949                           
   950  0004                     interrupt_function:
   951  007E                     saved_w	set	btemp
   952  0004  00FE               	movwf	btemp
   953  0005  0E03               	swapf	3,w
   954  0006  00F0               	movwf	??_isr
   955  0007  080A               	movf	10,w
   956  0008  00F1               	movwf	??_isr+1
   957  0009  120A  118A  28AF   	ljmp	_isr
   958                           
   959                           	psect	config
   960                           
   961                           ;Config register CONFIG1 @ 0x2007
   962                           ;	Oscillator Selection bits
   963                           ;	FOSC = INTRC_NOCLKOUT, INTOSCIO oscillator: I/O function on RA6/OSC2/CLKOUT pin, I/O f
      +                          unction on RA7/OSC1/CLKIN
   964                           ;	Watchdog Timer Enable bit
   965                           ;	WDTE = OFF, WDT disabled and can be enabled by SWDTEN bit of the WDTCON register
   966                           ;	Power-up Timer Enable bit
   967                           ;	PWRTE = OFF, PWRT disabled
   968                           ;	RE3/MCLR pin function select bit
   969                           ;	MCLRE = ON, RE3/MCLR pin function is MCLR
   970                           ;	Code Protection bit
   971                           ;	CP = OFF, Program memory code protection is disabled
   972                           ;	Data Code Protection bit
   973                           ;	CPD = OFF, Data memory code protection is disabled
   974                           ;	Brown Out Reset Selection bits
   975                           ;	BOREN = OFF, BOR disabled
   976                           ;	Internal External Switchover bit
   977                           ;	IESO = OFF, Internal/External Switchover mode is disabled
   978                           ;	Fail-Safe Clock Monitor Enabled bit
   979                           ;	FCMEN = OFF, Fail-Safe Clock Monitor is disabled
   980                           ;	Low Voltage Programming Enable bit
   981                           ;	LVP = OFF, RB3 pin has digital I/O, HV on MCLR must be used for programming
   982                           ;	In-Circuit Debugger Mode bit
   983                           ;	DEBUG = 0x1, unprogrammed default
   984  2007                     	org	8199
   985  2007  20F4               	dw	8436
   986                           
   987                           ;Config register CONFIG2 @ 0x2008
   988                           ;	Brown-out Reset Selection bit
   989                           ;	BOR4V = BOR40V, Brown-out Reset set to 4.0V
   990                           ;	Flash Program Memory Self Write Enable bits
   991                           ;	WRT = OFF, Write protection off
   992  2008                     	org	8200
   993  2008  3FFF               	dw	16383

Data Sizes:
    Strings     0
    Constant    0
    Data        0
    BSS         0
    Persistent  0
    Stack       0

Auto Spaces:
    Space          Size  Autos    Used
    COMMON           14      5       5
    BANK0            80      0       0
    BANK1            80      0       0
    BANK3            96      0       0
    BANK2            96      0       0

Pointer List with Targets:

    None.

Critical Paths under _main in COMMON

    _setup->_initosc

Critical Paths under _isr in COMMON

    None.

Critical Paths under _main in BANK0

    None.

Critical Paths under _isr in BANK0

    None.

Critical Paths under _main in BANK1

    None.

Critical Paths under _isr in BANK1

    None.

Critical Paths under _main in BANK3

    None.

Critical Paths under _isr in BANK3

    None.

Critical Paths under _main in BANK2

    None.

Critical Paths under _isr in BANK2

    None.

Call Graph Tables:

 ---------------------------------------------------------------------------------
 (Depth) Function   	        Calls       Base Space   Used Autos Params    Refs
 ---------------------------------------------------------------------------------
 (0) _main                                                 0     0      0      15
                              _setup
 ---------------------------------------------------------------------------------
 (1) _setup                                                0     0      0      15
                            _initosc
 ---------------------------------------------------------------------------------
 (2) _initosc                                              3     3      0      15
                                              2 COMMON     3     3      0
 ---------------------------------------------------------------------------------
 Estimated maximum stack depth 2
 ---------------------------------------------------------------------------------
 (Depth) Function   	        Calls       Base Space   Used Autos Params    Refs
 ---------------------------------------------------------------------------------
 (3) _isr                                                  2     2      0       0
                                              0 COMMON     2     2      0
 ---------------------------------------------------------------------------------
 Estimated maximum stack depth 3
 ---------------------------------------------------------------------------------

 Call Graph Graphs:

 _main (ROOT)
   _setup
     _initosc

 _isr (ROOT)

 Address spaces:
Name               Size   Autos  Total    Cost      Usage
BITCOMMON            E      0       0       0        0.0%
EEDATA             100      0       0       0        0.0%
NULL                 0      0       0       0        0.0%
CODE                 0      0       0       0        0.0%
COMMON               E      5       5       1       35.7%
BITSFR0              0      0       0       1        0.0%
SFR0                 0      0       0       1        0.0%
BITSFR1              0      0       0       2        0.0%
SFR1                 0      0       0       2        0.0%
STACK                0      0       0       2        0.0%
ABS                  0      0       0       3        0.0%
BITBANK0            50      0       0       4        0.0%
BITSFR3              0      0       0       4        0.0%
SFR3                 0      0       0       4        0.0%
BANK0               50      0       0       5        0.0%
BITSFR2              0      0       0       5        0.0%
SFR2                 0      0       0       5        0.0%
BITBANK1            50      0       0       6        0.0%
BANK1               50      0       0       7        0.0%
BITBANK3            60      0       0       8        0.0%
BANK3               60      0       0       9        0.0%
BITBANK2            60      0       0      10        0.0%
BANK2               60      0       0      11        0.0%
DATA                 0      0       0      12        0.0%


Microchip Technology PIC Macro Assembler V2.31 build 20201012212115 
Symbol Table                                                                                   Mon Feb 08 09:25:36 2021

                     l51 00D2                       l52 00D2                       l80 002D  
                     l81 0033                       l57 00AE                       l82 0039  
                     l83 003F                       l75 0015                       l84 0045  
                     l76 006D                       l85 006E                       l77 001B  
                     l78 0021                       l79 0027                      l701 007D  
                    l711 0082                      l703 007E                      l721 008D  
                    l713 0085                      l705 007F                      l731 009C  
                    l723 008F                      l715 0088                      l707 0080  
                    l741 00AB                      l733 009F                      l725 0092  
                    l717 0089                      l709 0081                      l735 00A2  
                    l727 0095                      l719 008A                      l743 00CD  
                    l681 004B                      l737 00A5                      l729 0099  
                    l739 00A8                      l691 0078                      l677 0014  
                    l693 0079                      l695 007A                      l687 006F  
                    l697 007B                      l689 0075                      l779 0053  
                    l699 007C                      _isr 00AF                     ?_isr 0070  
                   i1l66 00BE                     i1l69 00C6                     _TMR0 0001  
                   u1_20 00B3                     u1_21 00B2                     u2_20 00B9  
                   u2_21 00B8                     u3_20 00C2                     u3_21 00C1  
                   _main 00CD                     btemp 007E                     start 000C  
                  ??_isr 0070                    ?_main 0070                    _ANSEL 0188  
                  i1l751 00B9                    i1l753 00BC                    i1l755 00C2  
                  i1l747 00AF                    i1l757 00C5                    i1l749 00B3  
                  _PORTA 0005                    _PORTB 0006                    _PORTC 0007  
                  _PORTD 0008                    _PORTE 0009                    _TRISA 0085  
                  _TRISB 0086                    _TRISC 0087                    _TRISD 0088  
                  _TRISE 0089          __end_of_initosc 006F                    _setup 006F  
                  pclath 000A                    status 0003                    wtemp0 007E  
        __initialization 000F             __end_of_main 00D6                   ??_main 0075  
                 ?_setup 0070                   _ANSELH 0189                   _INTCON 000B  
              ??_initosc 0072                   saved_w 007E              initosc@IRCF 0074  
__end_of__initialization 000F           __pcstackCOMMON 0070            __end_of_setup 00AF  
                ??_setup 0075               __pmaintext 00CD               __pintentry 0004  
                __ptext1 006F                  __ptext2 0013                  __ptext3 00AF  
           __size_of_isr 001E                  _initosc 0013     end_of_initialization 000F  
              _PORTBbits 0006      start_initialization 000F              __end_of_isr 00CD  
              ___latbits 0002                 ?_initosc 0070           __size_of_setup 0040  
      interrupt_function 0004                 _IOCBbits 0096                 _PIE1bits 008C  
               _PIR1bits 000C         __size_of_initosc 005C            __size_of_main 0009  
             _INTCONbits 000B                 intlevel1 0000               _OSCCONbits 008F  
             _OPTION_REG 0081  
